<?xml version="1.0" encoding="UTF-8"?>
<!-- Generated by org.testng.reporters.JUnitXMLReporter -->
<testsuite hostname="LAPTOP-H4ODDOJJ" ignored="0" name="Default test" tests="12" failures="0" timestamp="2020-09-11T16:08:46 BST" time="37.76" errors="0">
  <testcase name="verifyTitle" time="0.026" classname="testNG.TestNG_PHP"/>
  <testcase name="verifyTitle" time="0.016" classname="testNG.PHPTests_Data_driven"/>
  <testcase name="verifyButtons" time="0.207" classname="testNG.TestNG_PHP"/>
  <testcase name="verifyButtons" time="0.291" classname="testNG.PHPTests_Data_driven"/>
  <testcase name="verifyInvalidEmailMsg" time="0.875" classname="testNG.TestNG_PHP"/>
  <testcase name="verifyInvalidEmailMsg" time="0.944" classname="testNG.PHPTests_Data_driven"/>
  <testcase name="verifyInvalidEmailMsg" time="0.631" classname="testNG.PHPTests_Data_driven"/>
  <testcase name="verifyInvalidEmailMsg" time="0.701" classname="testNG.PHPTests_Data_driven"/>
  <testcase name="verifyValidEmailMsg" time="2.458" classname="testNG.TestNG_PHP"/>
  <testcase name="verifyLinksAfterLogin" time="0.092" classname="testNG.TestNG_PHP"/>
  <testcase name="verifyValidEmailMsg" time="1.873" classname="testNG.PHPTests_Data_driven"/>
  <testcase name="verifyLinksAfterLogin" time="0.42" classname="testNG.PHPTests_Data_driven"/>
</testsuite> <!-- Default test -->
