<?xml version="1.0" encoding="UTF-8"?>
<!-- Generated by org.testng.reporters.JUnitXMLReporter -->
<testsuite hostname="LAPTOP-H4ODDOJJ" ignored="0" name="Default test" tests="12" failures="0" timestamp="2020-09-11T22:31:35 BST" time="51.705" errors="0">
  <testcase name="verifyTitle" time="0.037" classname="testNG.TestNG_PHP"/>
  <testcase name="verifyTitle" time="0.017" classname="testNG.PHPTests_Data_driven"/>
  <testcase name="verifyButtons" time="0.392" classname="testNG.TestNG_PHP"/>
  <testcase name="verifyButtons" time="0.307" classname="testNG.PHPTests_Data_driven"/>
  <testcase name="verifyInvalidEmailMsg" time="1.019" classname="testNG.TestNG_PHP"/>
  <testcase name="verifyInvalidEmailMsg" time="1.151" classname="testNG.PHPTests_Data_driven"/>
  <testcase name="verifyInvalidEmailMsg" time="0.741" classname="testNG.PHPTests_Data_driven"/>
  <testcase name="verifyInvalidEmailMsg" time="0.775" classname="testNG.PHPTests_Data_driven"/>
  <testcase name="verifyValidEmailMsg" time="1.891" classname="testNG.TestNG_PHP"/>
  <testcase name="verifyLinksAfterLogin" time="0.561" classname="testNG.TestNG_PHP"/>
  <testcase name="verifyValidEmailMsg" time="1.838" classname="testNG.PHPTests_Data_driven"/>
  <testcase name="verifyLinksAfterLogin" time="0.353" classname="testNG.PHPTests_Data_driven"/>
</testsuite> <!-- Default test -->
