<?xml version="1.0" encoding="UTF-8"?>
<testng-results skipped="0" failed="0" ignored="0" total="12" passed="12">
  <reporter-output>
  </reporter-output>
  <suite name="Default suite" duration-ms="51705" started-at="2020-09-11T22:30:43 BST" finished-at="2020-09-11T22:31:35 BST">
    <groups>
      <group name="regression">
        <method signature="PHPTests_Data_driven.verifyButtons()[pri:1, instance:testNG.PHPTests_Data_driven@612679d6]" name="verifyButtons" class="testNG.PHPTests_Data_driven"/>
        <method signature="PHPTests_Data_driven.verifyInvalidEmailMsg(java.lang.String, java.lang.String)[pri:2, instance:testNG.PHPTests_Data_driven@612679d6]" name="verifyInvalidEmailMsg" class="testNG.PHPTests_Data_driven"/>
        <method signature="TestNG_PHP.verifyButtons()[pri:1, instance:testNG.TestNG_PHP@1060b431]" name="verifyButtons" class="testNG.TestNG_PHP"/>
        <method signature="PHPTests_Data_driven.verifyValidEmailMsg()[pri:3, instance:testNG.PHPTests_Data_driven@612679d6]" name="verifyValidEmailMsg" class="testNG.PHPTests_Data_driven"/>
        <method signature="PHPTests_Data_driven.verifyLinksAfterLogin()[pri:0, instance:testNG.PHPTests_Data_driven@612679d6]" name="verifyLinksAfterLogin" class="testNG.PHPTests_Data_driven"/>
        <method signature="TestNG_PHP.verifyValidEmailMsg()[pri:3, instance:testNG.TestNG_PHP@1060b431]" name="verifyValidEmailMsg" class="testNG.TestNG_PHP"/>
        <method signature="TestNG_PHP.verifyLinksAfterLogin()[pri:0, instance:testNG.TestNG_PHP@1060b431]" name="verifyLinksAfterLogin" class="testNG.TestNG_PHP"/>
        <method signature="TestNG_PHP.verifyInvalidEmailMsg()[pri:2, instance:testNG.TestNG_PHP@1060b431]" name="verifyInvalidEmailMsg" class="testNG.TestNG_PHP"/>
      </group> <!-- regression -->
      <group name="sanity">
        <method signature="PHPTests_Data_driven.verifyButtons()[pri:1, instance:testNG.PHPTests_Data_driven@612679d6]" name="verifyButtons" class="testNG.PHPTests_Data_driven"/>
        <method signature="PHPTests_Data_driven.verifyTitle()[pri:0, instance:testNG.PHPTests_Data_driven@612679d6]" name="verifyTitle" class="testNG.PHPTests_Data_driven"/>
        <method signature="TestNG_PHP.verifyButtons()[pri:1, instance:testNG.TestNG_PHP@1060b431]" name="verifyButtons" class="testNG.TestNG_PHP"/>
        <method signature="TestNG_PHP.verifyTitle()[pri:0, instance:testNG.TestNG_PHP@1060b431]" name="verifyTitle" class="testNG.TestNG_PHP"/>
      </group> <!-- sanity -->
    </groups>
    <test name="Default test" duration-ms="51705" started-at="2020-09-11T22:30:43 BST" finished-at="2020-09-11T22:31:35 BST">
      <class name="testNG.TestNG_PHP">
        <test-method status="PASS" signature="beforeTest()[pri:0, instance:testNG.TestNG_PHP@1060b431]" name="beforeTest" is-config="true" duration-ms="15191" started-at="2020-09-11T22:31:06 BST" finished-at="2020-09-11T22:31:21 BST">
          <reporter-output>
          </reporter-output>
        </test-method> <!-- beforeTest -->
        <test-method status="PASS" signature="verifyTitle()[pri:0, instance:testNG.TestNG_PHP@1060b431]" name="verifyTitle" duration-ms="37" started-at="2020-09-11T22:31:21 BST" finished-at="2020-09-11T22:31:21 BST">
          <reporter-output>
          </reporter-output>
        </test-method> <!-- verifyTitle -->
        <test-method status="PASS" signature="verifyButtons()[pri:1, instance:testNG.TestNG_PHP@1060b431]" name="verifyButtons" duration-ms="392" started-at="2020-09-11T22:31:21 BST" finished-at="2020-09-11T22:31:22 BST">
          <reporter-output>
          </reporter-output>
        </test-method> <!-- verifyButtons -->
        <test-method status="PASS" signature="verifyInvalidEmailMsg()[pri:2, instance:testNG.TestNG_PHP@1060b431]" name="verifyInvalidEmailMsg" duration-ms="1019" started-at="2020-09-11T22:31:22 BST" finished-at="2020-09-11T22:31:23 BST">
          <reporter-output>
          </reporter-output>
        </test-method> <!-- verifyInvalidEmailMsg -->
        <test-method status="PASS" signature="verifyValidEmailMsg()[pri:3, instance:testNG.TestNG_PHP@1060b431]" name="verifyValidEmailMsg" duration-ms="1891" depends-on-groups="sanity" started-at="2020-09-11T22:31:26 BST" finished-at="2020-09-11T22:31:28 BST">
          <reporter-output>
          </reporter-output>
        </test-method> <!-- verifyValidEmailMsg -->
        <test-method status="PASS" signature="verifyLinksAfterLogin()[pri:0, instance:testNG.TestNG_PHP@1060b431]" name="verifyLinksAfterLogin" duration-ms="561" started-at="2020-09-11T22:31:28 BST" depends-on-methods="testNG.TestNG_PHP.verifyValidEmailMsg" finished-at="2020-09-11T22:31:28 BST">
          <reporter-output>
          </reporter-output>
        </test-method> <!-- verifyLinksAfterLogin -->
        <test-method status="PASS" signature="afterTest()[pri:0, instance:testNG.TestNG_PHP@1060b431]" name="afterTest" is-config="true" duration-ms="2157" started-at="2020-09-11T22:31:33 BST" finished-at="2020-09-11T22:31:35 BST">
          <reporter-output>
          </reporter-output>
        </test-method> <!-- afterTest -->
      </class> <!-- testNG.TestNG_PHP -->
      <class name="testNG.PHPTests_Data_driven">
        <test-method status="PASS" signature="beforeTest()[pri:0, instance:testNG.PHPTests_Data_driven@612679d6]" name="beforeTest" is-config="true" duration-ms="22531" started-at="2020-09-11T22:30:43 BST" finished-at="2020-09-11T22:31:06 BST">
          <reporter-output>
          </reporter-output>
        </test-method> <!-- beforeTest -->
        <test-method status="PASS" signature="verifyTitle()[pri:0, instance:testNG.PHPTests_Data_driven@612679d6]" name="verifyTitle" duration-ms="17" started-at="2020-09-11T22:31:21 BST" finished-at="2020-09-11T22:31:21 BST">
          <reporter-output>
          </reporter-output>
        </test-method> <!-- verifyTitle -->
        <test-method status="PASS" signature="verifyButtons()[pri:1, instance:testNG.PHPTests_Data_driven@612679d6]" name="verifyButtons" duration-ms="307" started-at="2020-09-11T22:31:22 BST" finished-at="2020-09-11T22:31:22 BST">
          <reporter-output>
          </reporter-output>
        </test-method> <!-- verifyButtons -->
        <test-method status="PASS" signature="verifyInvalidEmailMsg(java.lang.String, java.lang.String)[pri:2, instance:testNG.PHPTests_Data_driven@612679d6]" name="verifyInvalidEmailMsg" duration-ms="1151" started-at="2020-09-11T22:31:23 BST" data-provider="loginTest" finished-at="2020-09-11T22:31:24 BST">
          <params>
            <param index="0">
              <value>
                <![CDATA[test@gmail.com]]>
              </value>
            </param>
            <param index="1">
              <value>
                <![CDATA[test1234]]>
              </value>
            </param>
          </params>
          <reporter-output>
          </reporter-output>
        </test-method> <!-- verifyInvalidEmailMsg -->
        <test-method status="PASS" signature="verifyInvalidEmailMsg(java.lang.String, java.lang.String)[pri:2, instance:testNG.PHPTests_Data_driven@612679d6]" name="verifyInvalidEmailMsg" duration-ms="741" started-at="2020-09-11T22:31:24 BST" data-provider="loginTest" finished-at="2020-09-11T22:31:25 BST">
          <params>
            <param index="0">
              <value>
                <![CDATA[]]>
              </value>
            </param>
            <param index="1">
              <value>
                <![CDATA[test11]]>
              </value>
            </param>
          </params>
          <reporter-output>
          </reporter-output>
        </test-method> <!-- verifyInvalidEmailMsg -->
        <test-method status="PASS" signature="verifyInvalidEmailMsg(java.lang.String, java.lang.String)[pri:2, instance:testNG.PHPTests_Data_driven@612679d6]" name="verifyInvalidEmailMsg" duration-ms="775" started-at="2020-09-11T22:31:25 BST" data-provider="loginTest" finished-at="2020-09-11T22:31:26 BST">
          <params>
            <param index="0">
              <value>
                <![CDATA[test2@gmail.com]]>
              </value>
            </param>
            <param index="1">
              <value>
                <![CDATA[]]>
              </value>
            </param>
          </params>
          <reporter-output>
          </reporter-output>
        </test-method> <!-- verifyInvalidEmailMsg -->
        <test-method status="PASS" signature="verifyValidEmailMsg()[pri:3, instance:testNG.PHPTests_Data_driven@612679d6]" name="verifyValidEmailMsg" duration-ms="1838" depends-on-groups="sanity" started-at="2020-09-11T22:31:28 BST" finished-at="2020-09-11T22:31:30 BST">
          <reporter-output>
          </reporter-output>
        </test-method> <!-- verifyValidEmailMsg -->
        <test-method status="PASS" signature="verifyLinksAfterLogin()[pri:0, instance:testNG.PHPTests_Data_driven@612679d6]" name="verifyLinksAfterLogin" duration-ms="353" started-at="2020-09-11T22:31:30 BST" depends-on-methods="testNG.PHPTests_Data_driven.verifyValidEmailMsg" finished-at="2020-09-11T22:31:30 BST">
          <reporter-output>
          </reporter-output>
        </test-method> <!-- verifyLinksAfterLogin -->
        <test-method status="PASS" signature="afterTest()[pri:0, instance:testNG.PHPTests_Data_driven@612679d6]" name="afterTest" is-config="true" duration-ms="2514" started-at="2020-09-11T22:31:30 BST" finished-at="2020-09-11T22:31:33 BST">
          <reporter-output>
          </reporter-output>
        </test-method> <!-- afterTest -->
      </class> <!-- testNG.PHPTests_Data_driven -->
    </test> <!-- Default test -->
  </suite> <!-- Default suite -->
</testng-results>
